[0.606s] Invoking command in '/media/nimsika/New Volume/semester-04/robotic-and-automation/final-project/final-project-helaforge/src/voice_control_logic': DEBUGINFOD_URLS=https://debuginfod.ubuntu.com PYTHONPATH=/media/nimsika/New Volume/semester-04/robotic-and-automation/final-project/final-project-helaforge/build/voice_control_logic/prefix_override:/usr/lib/python3/dist-packages/colcon_core/task/python/colcon_distutils_commands:/media/nimsika/New Volume/semester-04/robotic-and-automation/final-project/final-project-helaforge/install/voice_control_logic/lib/python3.12/site-packages:${PYTHONPATH} /usr/bin/python3 -W ignore:setup.py install is deprecated -W ignore:easy_install command is deprecated setup.py egg_info --egg-base ../../build/voice_control_logic build --build-base /media/nimsika/New Volume/semester-04/robotic-and-automation/final-project/final-project-helaforge/build/voice_control_logic/build install --record /media/nimsika/New Volume/semester-04/robotic-and-automation/final-project/final-project-helaforge/build/voice_control_logic/install.log --single-version-externally-managed install_data
[0.778s] running egg_info
[0.791s] writing ../../build/voice_control_logic/voice_control_logic.egg-info/PKG-INFO
[0.791s] writing dependency_links to ../../build/voice_control_logic/voice_control_logic.egg-info/dependency_links.txt
[0.791s] writing entry points to ../../build/voice_control_logic/voice_control_logic.egg-info/entry_points.txt
[0.791s] writing requirements to ../../build/voice_control_logic/voice_control_logic.egg-info/requires.txt
[0.791s] writing top-level names to ../../build/voice_control_logic/voice_control_logic.egg-info/top_level.txt
[0.817s] reading manifest file '../../build/voice_control_logic/voice_control_logic.egg-info/SOURCES.txt'
[0.818s] writing manifest file '../../build/voice_control_logic/voice_control_logic.egg-info/SOURCES.txt'
[0.818s] running build
[0.818s] running build_py
[0.818s] copying voice_control_logic/voice_interpreter.py -> /media/nimsika/New Volume/semester-04/robotic-and-automation/final-project/final-project-helaforge/build/voice_control_logic/build/lib/voice_control_logic
[0.818s] running install
[0.823s] running install_lib
[0.837s] copying /media/nimsika/New Volume/semester-04/robotic-and-automation/final-project/final-project-helaforge/build/voice_control_logic/build/lib/voice_control_logic/voice_interpreter.py -> /media/nimsika/New Volume/semester-04/robotic-and-automation/final-project/final-project-helaforge/install/voice_control_logic/lib/python3.12/site-packages/voice_control_logic
[0.837s] byte-compiling /media/nimsika/New Volume/semester-04/robotic-and-automation/final-project/final-project-helaforge/install/voice_control_logic/lib/python3.12/site-packages/voice_control_logic/voice_interpreter.py to voice_interpreter.cpython-312.pyc
[0.838s] running install_data
[0.838s] running install_egg_info
[0.852s] removing '/media/nimsika/New Volume/semester-04/robotic-and-automation/final-project/final-project-helaforge/install/voice_control_logic/lib/python3.12/site-packages/voice_control_logic-0.0.0-py3.12.egg-info' (and everything under it)
[0.852s] Copying ../../build/voice_control_logic/voice_control_logic.egg-info to /media/nimsika/New Volume/semester-04/robotic-and-automation/final-project/final-project-helaforge/install/voice_control_logic/lib/python3.12/site-packages/voice_control_logic-0.0.0-py3.12.egg-info
[0.852s] running install_scripts
[0.938s] Installing voice_interpreter script to /media/nimsika/New Volume/semester-04/robotic-and-automation/final-project/final-project-helaforge/install/voice_control_logic/lib/voice_control_logic
[0.938s] writing list of installed files to '/media/nimsika/New Volume/semester-04/robotic-and-automation/final-project/final-project-helaforge/build/voice_control_logic/install.log'
[0.959s] Invoked command in '/media/nimsika/New Volume/semester-04/robotic-and-automation/final-project/final-project-helaforge/src/voice_control_logic' returned '0': DEBUGINFOD_URLS=https://debuginfod.ubuntu.com PYTHONPATH=/media/nimsika/New Volume/semester-04/robotic-and-automation/final-project/final-project-helaforge/build/voice_control_logic/prefix_override:/usr/lib/python3/dist-packages/colcon_core/task/python/colcon_distutils_commands:/media/nimsika/New Volume/semester-04/robotic-and-automation/final-project/final-project-helaforge/install/voice_control_logic/lib/python3.12/site-packages:${PYTHONPATH} /usr/bin/python3 -W ignore:setup.py install is deprecated -W ignore:easy_install command is deprecated setup.py egg_info --egg-base ../../build/voice_control_logic build --build-base /media/nimsika/New Volume/semester-04/robotic-and-automation/final-project/final-project-helaforge/build/voice_control_logic/build install --record /media/nimsika/New Volume/semester-04/robotic-and-automation/final-project/final-project-helaforge/build/voice_control_logic/install.log --single-version-externally-managed install_data
