[0.077s] DEBUG:colcon:Command line arguments: ['/usr/bin/colcon', 'build', '--packages-select', 'voice_control_logic']
[0.077s] DEBUG:colcon:Parsed command line arguments: Namespace(log_base=None, log_level=None, verb_name='build', build_base='build', install_base='install', merge_install=False, symlink_install=False, test_result_base=None, continue_on_error=False, executor='parallel', parallel_workers=22, event_handlers=None, ignore_user_meta=False, metas=['./colcon.meta'], base_paths=['.'], packages_ignore=None, packages_ignore_regex=None, paths=None, packages_up_to=None, packages_up_to_regex=None, packages_above=None, packages_above_and_dependencies=None, packages_above_depth=None, packages_select_by_dep=None, packages_skip_by_dep=None, packages_skip_up_to=None, packages_select_build_failed=False, packages_skip_build_finished=False, packages_select_test_failures=False, packages_skip_test_passed=False, packages_select=['voice_control_logic'], packages_skip=None, packages_select_regex=None, packages_skip_regex=None, packages_start=None, packages_end=None, allow_overriding=[], cmake_args=None, cmake_target=None, cmake_target_skip_unavailable=False, cmake_clean_cache=False, cmake_clean_first=False, cmake_force_configure=False, ament_cmake_args=None, catkin_cmake_args=None, catkin_skip_building_tests=False, mixin_files=None, mixin=None, verb_parser=<colcon_mixin.mixin.mixin_argument.MixinArgumentDecorator object at 0x7e27fb3bc7d0>, verb_extension=<colcon_core.verb.build.BuildVerb object at 0x7e27fc2fe510>, main=<bound method BuildVerb.main of <colcon_core.verb.build.BuildVerb object at 0x7e27fc2fe510>>, mixin_verb=('build',))
[0.100s] Level 1:colcon.colcon_core.package_discovery:discover_packages(colcon_meta) check parameters
[0.101s] Level 1:colcon.colcon_core.package_discovery:discover_packages(recursive) check parameters
[0.101s] Level 1:colcon.colcon_core.package_discovery:discover_packages(ignore) check parameters
[0.101s] Level 1:colcon.colcon_core.package_discovery:discover_packages(path) check parameters
[0.101s] Level 1:colcon.colcon_core.package_discovery:discover_packages(colcon_meta) discover
[0.101s] Level 1:colcon.colcon_core.package_discovery:discover_packages(recursive) discover
[0.101s] INFO:colcon.colcon_core.package_discovery:Crawling recursively for packages in '/media/nimsika/New Volume/semester-04/robotic-and-automation/final-project/final-project-helaforge'
[0.101s] Level 1:colcon.colcon_core.package_identification:_identify(.) by extensions ['ignore', 'ignore_ament_install']
[0.101s] Level 1:colcon.colcon_core.package_identification:_identify(.) by extension 'ignore'
[0.101s] Level 1:colcon.colcon_core.package_identification:_identify(.) by extension 'ignore_ament_install'
[0.101s] Level 1:colcon.colcon_core.package_identification:_identify(.) by extensions ['colcon_pkg']
[0.101s] Level 1:colcon.colcon_core.package_identification:_identify(.) by extension 'colcon_pkg'
[0.101s] Level 1:colcon.colcon_core.package_identification:_identify(.) by extensions ['colcon_meta']
[0.101s] Level 1:colcon.colcon_core.package_identification:_identify(.) by extension 'colcon_meta'
[0.101s] Level 1:colcon.colcon_core.package_identification:_identify(.) by extensions ['ros']
[0.101s] Level 1:colcon.colcon_core.package_identification:_identify(.) by extension 'ros'
[0.117s] Level 1:colcon.colcon_core.package_identification:_identify(.) by extensions ['cmake', 'python']
[0.117s] Level 1:colcon.colcon_core.package_identification:_identify(.) by extension 'cmake'
[0.117s] Level 1:colcon.colcon_core.package_identification:_identify(.) by extension 'python'
[0.118s] Level 1:colcon.colcon_core.package_identification:_identify(.) by extensions ['python_setup_py']
[0.118s] Level 1:colcon.colcon_core.package_identification:_identify(.) by extension 'python_setup_py'
[0.118s] Level 1:colcon.colcon_core.package_identification:_identify(build) by extensions ['ignore', 'ignore_ament_install']
[0.118s] Level 1:colcon.colcon_core.package_identification:_identify(build) by extension 'ignore'
[0.118s] Level 1:colcon.colcon_core.package_identification:_identify(build) ignored
[0.118s] Level 1:colcon.colcon_core.package_identification:_identify(install) by extensions ['ignore', 'ignore_ament_install']
[0.118s] Level 1:colcon.colcon_core.package_identification:_identify(install) by extension 'ignore'
[0.118s] Level 1:colcon.colcon_core.package_identification:_identify(install) ignored
[0.118s] Level 1:colcon.colcon_core.package_identification:_identify(log) by extensions ['ignore', 'ignore_ament_install']
[0.118s] Level 1:colcon.colcon_core.package_identification:_identify(log) by extension 'ignore'
[0.118s] Level 1:colcon.colcon_core.package_identification:_identify(log) ignored
[0.118s] Level 1:colcon.colcon_core.package_identification:_identify(src) by extensions ['ignore', 'ignore_ament_install']
[0.118s] Level 1:colcon.colcon_core.package_identification:_identify(src) by extension 'ignore'
[0.118s] Level 1:colcon.colcon_core.package_identification:_identify(src) by extension 'ignore_ament_install'
[0.118s] Level 1:colcon.colcon_core.package_identification:_identify(src) by extensions ['colcon_pkg']
[0.118s] Level 1:colcon.colcon_core.package_identification:_identify(src) by extension 'colcon_pkg'
[0.118s] Level 1:colcon.colcon_core.package_identification:_identify(src) by extensions ['colcon_meta']
[0.118s] Level 1:colcon.colcon_core.package_identification:_identify(src) by extension 'colcon_meta'
[0.118s] Level 1:colcon.colcon_core.package_identification:_identify(src) by extensions ['ros']
[0.118s] Level 1:colcon.colcon_core.package_identification:_identify(src) by extension 'ros'
[0.118s] Level 1:colcon.colcon_core.package_identification:_identify(src) by extensions ['cmake', 'python']
[0.118s] Level 1:colcon.colcon_core.package_identification:_identify(src) by extension 'cmake'
[0.118s] Level 1:colcon.colcon_core.package_identification:_identify(src) by extension 'python'
[0.118s] Level 1:colcon.colcon_core.package_identification:_identify(src) by extensions ['python_setup_py']
[0.118s] Level 1:colcon.colcon_core.package_identification:_identify(src) by extension 'python_setup_py'
[0.118s] Level 1:colcon.colcon_core.package_identification:_identify(src/voice_control_logic) by extensions ['ignore', 'ignore_ament_install']
[0.118s] Level 1:colcon.colcon_core.package_identification:_identify(src/voice_control_logic) by extension 'ignore'
[0.118s] Level 1:colcon.colcon_core.package_identification:_identify(src/voice_control_logic) by extension 'ignore_ament_install'
[0.118s] Level 1:colcon.colcon_core.package_identification:_identify(src/voice_control_logic) by extensions ['colcon_pkg']
[0.118s] Level 1:colcon.colcon_core.package_identification:_identify(src/voice_control_logic) by extension 'colcon_pkg'
[0.119s] Level 1:colcon.colcon_core.package_identification:_identify(src/voice_control_logic) by extensions ['colcon_meta']
[0.119s] Level 1:colcon.colcon_core.package_identification:_identify(src/voice_control_logic) by extension 'colcon_meta'
[0.119s] Level 1:colcon.colcon_core.package_identification:_identify(src/voice_control_logic) by extensions ['ros']
[0.119s] Level 1:colcon.colcon_core.package_identification:_identify(src/voice_control_logic) by extension 'ros'
[0.120s] DEBUG:colcon.colcon_core.package_identification:Package 'src/voice_control_logic' with type 'ros.ament_python' and name 'voice_control_logic'
[0.120s] Level 1:colcon.colcon_core.package_discovery:discover_packages(recursive) using defaults
[0.120s] Level 1:colcon.colcon_core.package_discovery:discover_packages(ignore) discover
[0.120s] Level 1:colcon.colcon_core.package_discovery:discover_packages(ignore) using defaults
[0.120s] Level 1:colcon.colcon_core.package_discovery:discover_packages(path) discover
[0.120s] Level 1:colcon.colcon_core.package_discovery:discover_packages(path) using defaults
[0.132s] Level 1:colcon.colcon_core.package_discovery:discover_packages(prefix_path) check parameters
[0.132s] Level 1:colcon.colcon_core.package_discovery:discover_packages(prefix_path) discover
[0.134s] DEBUG:colcon.colcon_installed_package_information.package_discovery:Found 1 installed packages in /media/nimsika/New Volume/ros2-youtube/video-3/ros2_ws/install
[0.135s] DEBUG:colcon.colcon_installed_package_information.package_discovery:Found 458 installed packages in /opt/ros/jazzy
[0.136s] Level 1:colcon.colcon_core.package_discovery:discover_packages(prefix_path) using defaults
[0.169s] Level 5:colcon.colcon_core.verb:set package 'voice_control_logic' build argument 'cmake_args' from command line to 'None'
[0.169s] Level 5:colcon.colcon_core.verb:set package 'voice_control_logic' build argument 'cmake_target' from command line to 'None'
[0.169s] Level 5:colcon.colcon_core.verb:set package 'voice_control_logic' build argument 'cmake_target_skip_unavailable' from command line to 'False'
[0.169s] Level 5:colcon.colcon_core.verb:set package 'voice_control_logic' build argument 'cmake_clean_cache' from command line to 'False'
[0.169s] Level 5:colcon.colcon_core.verb:set package 'voice_control_logic' build argument 'cmake_clean_first' from command line to 'False'
[0.169s] Level 5:colcon.colcon_core.verb:set package 'voice_control_logic' build argument 'cmake_force_configure' from command line to 'False'
[0.169s] Level 5:colcon.colcon_core.verb:set package 'voice_control_logic' build argument 'ament_cmake_args' from command line to 'None'
[0.169s] Level 5:colcon.colcon_core.verb:set package 'voice_control_logic' build argument 'catkin_cmake_args' from command line to 'None'
[0.169s] Level 5:colcon.colcon_core.verb:set package 'voice_control_logic' build argument 'catkin_skip_building_tests' from command line to 'False'
[0.169s] DEBUG:colcon.colcon_core.verb:Building package 'voice_control_logic' with the following arguments: {'ament_cmake_args': None, 'build_base': '/media/nimsika/New Volume/semester-04/robotic-and-automation/final-project/final-project-helaforge/build/voice_control_logic', 'catkin_cmake_args': None, 'catkin_skip_building_tests': False, 'cmake_args': None, 'cmake_clean_cache': False, 'cmake_clean_first': False, 'cmake_force_configure': False, 'cmake_target': None, 'cmake_target_skip_unavailable': False, 'install_base': '/media/nimsika/New Volume/semester-04/robotic-and-automation/final-project/final-project-helaforge/install/voice_control_logic', 'merge_install': False, 'path': '/media/nimsika/New Volume/semester-04/robotic-and-automation/final-project/final-project-helaforge/src/voice_control_logic', 'symlink_install': False, 'test_result_base': None}
[0.169s] INFO:colcon.colcon_core.executor:Executing jobs using 'parallel' executor
[0.170s] DEBUG:colcon.colcon_parallel_executor.executor.parallel:run_until_complete
[0.170s] INFO:colcon.colcon_ros.task.ament_python.build:Building ROS package in '/media/nimsika/New Volume/semester-04/robotic-and-automation/final-project/final-project-helaforge/src/voice_control_logic' with build type 'ament_python'
[0.170s] Level 1:colcon.colcon_core.shell:create_environment_hook('voice_control_logic', 'ament_prefix_path')
[0.174s] INFO:colcon.colcon_core.plugin_system:Skipping extension 'colcon_core.shell.bat': Not used on non-Windows systems
[0.174s] INFO:colcon.colcon_core.shell:Creating environment hook '/media/nimsika/New Volume/semester-04/robotic-and-automation/final-project/final-project-helaforge/install/voice_control_logic/share/voice_control_logic/hook/ament_prefix_path.ps1'
[0.175s] INFO:colcon.colcon_core.shell:Creating environment descriptor '/media/nimsika/New Volume/semester-04/robotic-and-automation/final-project/final-project-helaforge/install/voice_control_logic/share/voice_control_logic/hook/ament_prefix_path.dsv'
[0.175s] INFO:colcon.colcon_core.shell:Creating environment hook '/media/nimsika/New Volume/semester-04/robotic-and-automation/final-project/final-project-helaforge/install/voice_control_logic/share/voice_control_logic/hook/ament_prefix_path.sh'
[0.176s] INFO:colcon.colcon_core.shell:Skip shell extension 'powershell' for command environment: Not usable outside of PowerShell
[0.176s] DEBUG:colcon.colcon_core.shell:Skip shell extension 'dsv' for command environment
[0.318s] INFO:colcon.colcon_core.task.python.build:Building Python package in '/media/nimsika/New Volume/semester-04/robotic-and-automation/final-project/final-project-helaforge/src/voice_control_logic'
[0.318s] INFO:colcon.colcon_core.shell:Skip shell extension 'powershell' for command environment: Not usable outside of PowerShell
[0.318s] DEBUG:colcon.colcon_core.shell:Skip shell extension 'dsv' for command environment
[0.777s] DEBUG:colcon.colcon_core.event_handler.log_command:Invoking command in '/media/nimsika/New Volume/semester-04/robotic-and-automation/final-project/final-project-helaforge/src/voice_control_logic': DEBUGINFOD_URLS=https://debuginfod.ubuntu.com PYTHONPATH=/media/nimsika/New Volume/semester-04/robotic-and-automation/final-project/final-project-helaforge/build/voice_control_logic/prefix_override:/usr/lib/python3/dist-packages/colcon_core/task/python/colcon_distutils_commands:/media/nimsika/New Volume/semester-04/robotic-and-automation/final-project/final-project-helaforge/install/voice_control_logic/lib/python3.12/site-packages:${PYTHONPATH} /usr/bin/python3 -W ignore:setup.py install is deprecated -W ignore:easy_install command is deprecated setup.py egg_info --egg-base ../../build/voice_control_logic build --build-base /media/nimsika/New Volume/semester-04/robotic-and-automation/final-project/final-project-helaforge/build/voice_control_logic/build install --record /media/nimsika/New Volume/semester-04/robotic-and-automation/final-project/final-project-helaforge/build/voice_control_logic/install.log --single-version-externally-managed install_data
[1.130s] DEBUG:colcon.colcon_core.event_handler.log_command:Invoked command in '/media/nimsika/New Volume/semester-04/robotic-and-automation/final-project/final-project-helaforge/src/voice_control_logic' returned '0': DEBUGINFOD_URLS=https://debuginfod.ubuntu.com PYTHONPATH=/media/nimsika/New Volume/semester-04/robotic-and-automation/final-project/final-project-helaforge/build/voice_control_logic/prefix_override:/usr/lib/python3/dist-packages/colcon_core/task/python/colcon_distutils_commands:/media/nimsika/New Volume/semester-04/robotic-and-automation/final-project/final-project-helaforge/install/voice_control_logic/lib/python3.12/site-packages:${PYTHONPATH} /usr/bin/python3 -W ignore:setup.py install is deprecated -W ignore:easy_install command is deprecated setup.py egg_info --egg-base ../../build/voice_control_logic build --build-base /media/nimsika/New Volume/semester-04/robotic-and-automation/final-project/final-project-helaforge/build/voice_control_logic/build install --record /media/nimsika/New Volume/semester-04/robotic-and-automation/final-project/final-project-helaforge/build/voice_control_logic/install.log --single-version-externally-managed install_data
[1.132s] Level 1:colcon.colcon_core.environment:checking '/media/nimsika/New Volume/semester-04/robotic-and-automation/final-project/final-project-helaforge/install/voice_control_logic' for CMake module files
[1.132s] Level 1:colcon.colcon_core.environment:checking '/media/nimsika/New Volume/semester-04/robotic-and-automation/final-project/final-project-helaforge/install/voice_control_logic' for CMake config files
[1.133s] Level 1:colcon.colcon_core.environment:checking '/media/nimsika/New Volume/semester-04/robotic-and-automation/final-project/final-project-helaforge/install/voice_control_logic/lib'
[1.133s] Level 1:colcon.colcon_core.environment:checking '/media/nimsika/New Volume/semester-04/robotic-and-automation/final-project/final-project-helaforge/install/voice_control_logic/bin'
[1.133s] Level 1:colcon.colcon_core.environment:checking '/media/nimsika/New Volume/semester-04/robotic-and-automation/final-project/final-project-helaforge/install/voice_control_logic/lib/pkgconfig/voice_control_logic.pc'
[1.133s] Level 1:colcon.colcon_core.environment:checking '/media/nimsika/New Volume/semester-04/robotic-and-automation/final-project/final-project-helaforge/install/voice_control_logic/lib/python3.12/site-packages'
[1.133s] Level 1:colcon.colcon_core.shell:create_environment_hook('voice_control_logic', 'pythonpath')
[1.133s] INFO:colcon.colcon_core.shell:Creating environment hook '/media/nimsika/New Volume/semester-04/robotic-and-automation/final-project/final-project-helaforge/install/voice_control_logic/share/voice_control_logic/hook/pythonpath.ps1'
[1.134s] INFO:colcon.colcon_core.shell:Creating environment descriptor '/media/nimsika/New Volume/semester-04/robotic-and-automation/final-project/final-project-helaforge/install/voice_control_logic/share/voice_control_logic/hook/pythonpath.dsv'
[1.134s] INFO:colcon.colcon_core.shell:Creating environment hook '/media/nimsika/New Volume/semester-04/robotic-and-automation/final-project/final-project-helaforge/install/voice_control_logic/share/voice_control_logic/hook/pythonpath.sh'
[1.134s] Level 1:colcon.colcon_core.environment:checking '/media/nimsika/New Volume/semester-04/robotic-and-automation/final-project/final-project-helaforge/install/voice_control_logic/bin'
[1.134s] Level 1:colcon.colcon_core.environment:create_environment_scripts_only(voice_control_logic)
[1.134s] INFO:colcon.colcon_core.shell:Creating package script '/media/nimsika/New Volume/semester-04/robotic-and-automation/final-project/final-project-helaforge/install/voice_control_logic/share/voice_control_logic/package.ps1'
[1.135s] INFO:colcon.colcon_core.shell:Creating package descriptor '/media/nimsika/New Volume/semester-04/robotic-and-automation/final-project/final-project-helaforge/install/voice_control_logic/share/voice_control_logic/package.dsv'
[1.135s] INFO:colcon.colcon_core.shell:Creating package script '/media/nimsika/New Volume/semester-04/robotic-and-automation/final-project/final-project-helaforge/install/voice_control_logic/share/voice_control_logic/package.sh'
[1.136s] INFO:colcon.colcon_core.shell:Creating package script '/media/nimsika/New Volume/semester-04/robotic-and-automation/final-project/final-project-helaforge/install/voice_control_logic/share/voice_control_logic/package.bash'
[1.136s] INFO:colcon.colcon_core.shell:Creating package script '/media/nimsika/New Volume/semester-04/robotic-and-automation/final-project/final-project-helaforge/install/voice_control_logic/share/voice_control_logic/package.zsh'
[1.137s] Level 1:colcon.colcon_core.environment:create_file_with_runtime_dependencies(/media/nimsika/New Volume/semester-04/robotic-and-automation/final-project/final-project-helaforge/install/voice_control_logic/share/colcon-core/packages/voice_control_logic)
[1.137s] DEBUG:colcon.colcon_parallel_executor.executor.parallel:closing loop
[1.137s] DEBUG:colcon.colcon_parallel_executor.executor.parallel:loop closed
[1.137s] DEBUG:colcon.colcon_parallel_executor.executor.parallel:run_until_complete finished with '0'
[1.137s] DEBUG:colcon.colcon_core.event_reactor:joining thread
[1.142s] INFO:colcon.colcon_core.plugin_system:Skipping extension 'colcon_notification.desktop_notification.terminal_notifier': Not used on non-Darwin systems
[1.142s] INFO:colcon.colcon_core.plugin_system:Skipping extension 'colcon_notification.desktop_notification.win32': Not used on non-Windows systems
[1.142s] INFO:colcon.colcon_notification.desktop_notification:Sending desktop notification using 'notify2'
[1.160s] DEBUG:colcon.colcon_core.event_reactor:joined thread
[1.160s] INFO:colcon.colcon_core.shell:Creating prefix script '/media/nimsika/New Volume/semester-04/robotic-and-automation/final-project/final-project-helaforge/install/local_setup.ps1'
[1.161s] INFO:colcon.colcon_core.shell:Creating prefix util module '/media/nimsika/New Volume/semester-04/robotic-and-automation/final-project/final-project-helaforge/install/_local_setup_util_ps1.py'
[1.163s] INFO:colcon.colcon_core.shell:Creating prefix chain script '/media/nimsika/New Volume/semester-04/robotic-and-automation/final-project/final-project-helaforge/install/setup.ps1'
[1.163s] INFO:colcon.colcon_core.shell:Creating prefix script '/media/nimsika/New Volume/semester-04/robotic-and-automation/final-project/final-project-helaforge/install/local_setup.sh'
[1.164s] INFO:colcon.colcon_core.shell:Creating prefix util module '/media/nimsika/New Volume/semester-04/robotic-and-automation/final-project/final-project-helaforge/install/_local_setup_util_sh.py'
[1.164s] INFO:colcon.colcon_core.shell:Creating prefix chain script '/media/nimsika/New Volume/semester-04/robotic-and-automation/final-project/final-project-helaforge/install/setup.sh'
[1.165s] INFO:colcon.colcon_core.shell:Creating prefix script '/media/nimsika/New Volume/semester-04/robotic-and-automation/final-project/final-project-helaforge/install/local_setup.bash'
[1.165s] INFO:colcon.colcon_core.shell:Creating prefix chain script '/media/nimsika/New Volume/semester-04/robotic-and-automation/final-project/final-project-helaforge/install/setup.bash'
[1.166s] INFO:colcon.colcon_core.shell:Creating prefix script '/media/nimsika/New Volume/semester-04/robotic-and-automation/final-project/final-project-helaforge/install/local_setup.zsh'
[1.166s] INFO:colcon.colcon_core.shell:Creating prefix chain script '/media/nimsika/New Volume/semester-04/robotic-and-automation/final-project/final-project-helaforge/install/setup.zsh'
