[1.265s] Invoking command in '/home/sudil-minthaka/Documents/final-project-helaforge/build/voice_control_logic': DEBUGINFOD_URLS=https://debuginfod.ubuntu.com PYTHONPATH=/home/sudil-minthaka/Documents/final-project-helaforge/build/voice_control_logic/prefix_override:/usr/lib/python3/dist-packages/colcon_core/task/python/colcon_distutils_commands:/home/sudil-minthaka/Documents/final-project-helaforge/install/voice_control_logic/lib/python3.12/site-packages:${PYTHONPATH} /usr/bin/python3 -W ignore:setup.py install is deprecated -W ignore:easy_install command is deprecated setup.py develop --editable --build-directory /home/sudil-minthaka/Documents/final-project-helaforge/build/voice_control_logic/build --no-deps symlink_data --force
[1.783s] running develop
[1.981s] /usr/lib/python3/dist-packages/setuptools/command/easy_install.py:363: UserWarning: Unbuilt egg for pytest-repeat [unknown version] (/usr/lib/python3/dist-packages)
[1.982s]   self.local_index = Environment(self.shadow_path + sys.path)
[2.023s] running egg_info
[2.048s] writing voice_control_logic.egg-info/PKG-INFO
[2.048s] writing dependency_links to voice_control_logic.egg-info/dependency_links.txt
[2.049s] writing entry points to voice_control_logic.egg-info/entry_points.txt
[2.049s] writing requirements to voice_control_logic.egg-info/requires.txt
[2.049s] writing top-level names to voice_control_logic.egg-info/top_level.txt
[2.094s] reading manifest file 'voice_control_logic.egg-info/SOURCES.txt'
[2.095s] writing manifest file 'voice_control_logic.egg-info/SOURCES.txt'
[2.120s] running build_ext
[2.120s] Creating /home/sudil-minthaka/Documents/final-project-helaforge/install/voice_control_logic/lib/python3.12/site-packages/voice-control-logic.egg-link (link to .)
[2.120s] Installing voice_interpreter script to /home/sudil-minthaka/Documents/final-project-helaforge/install/voice_control_logic/lib/voice_control_logic
[2.121s] 
[2.121s] Installed /home/sudil-minthaka/Documents/final-project-helaforge/build/voice_control_logic
[2.121s] running symlink_data
[2.121s] symbolically linking /home/sudil-minthaka/Documents/final-project-helaforge/build/voice_control_logic/resource/voice_control_logic -> /home/sudil-minthaka/Documents/final-project-helaforge/install/voice_control_logic/share/ament_index/resource_index/packages
[2.121s] symbolically linking /home/sudil-minthaka/Documents/final-project-helaforge/build/voice_control_logic/package.xml -> /home/sudil-minthaka/Documents/final-project-helaforge/install/voice_control_logic/share/voice_control_logic
[2.159s] Invoked command in '/home/sudil-minthaka/Documents/final-project-helaforge/build/voice_control_logic' returned '0': DEBUGINFOD_URLS=https://debuginfod.ubuntu.com PYTHONPATH=/home/sudil-minthaka/Documents/final-project-helaforge/build/voice_control_logic/prefix_override:/usr/lib/python3/dist-packages/colcon_core/task/python/colcon_distutils_commands:/home/sudil-minthaka/Documents/final-project-helaforge/install/voice_control_logic/lib/python3.12/site-packages:${PYTHONPATH} /usr/bin/python3 -W ignore:setup.py install is deprecated -W ignore:easy_install command is deprecated setup.py develop --editable --build-directory /home/sudil-minthaka/Documents/final-project-helaforge/build/voice_control_logic/build --no-deps symlink_data --force
