[0.420s] DEBUG:colcon:Command line arguments: ['/usr/bin/colcon', 'build']
[0.420s] DEBUG:colcon:Parsed command line arguments: Namespace(log_base=None, log_level=None, verb_name='build', build_base='build', install_base='install', merge_install=False, symlink_install=False, test_result_base=None, continue_on_error=False, executor='parallel', parallel_workers=16, event_handlers=None, ignore_user_meta=False, metas=['./colcon.meta'], base_paths=['.'], packages_ignore=None, packages_ignore_regex=None, paths=None, packages_up_to=None, packages_up_to_regex=None, packages_above=None, packages_above_and_dependencies=None, packages_above_depth=None, packages_select_by_dep=None, packages_skip_by_dep=None, packages_skip_up_to=None, packages_select_build_failed=False, packages_skip_build_finished=False, packages_select_test_failures=False, packages_skip_test_passed=False, packages_select=None, packages_skip=None, packages_select_regex=None, packages_skip_regex=None, packages_start=None, packages_end=None, allow_overriding=[], cmake_args=None, cmake_target=None, cmake_target_skip_unavailable=False, cmake_clean_cache=False, cmake_clean_first=False, cmake_force_configure=False, ament_cmake_args=None, catkin_cmake_args=None, catkin_skip_building_tests=False, mixin_files=None, mixin=None, verb_parser=<colcon_mixin.mixin.mixin_argument.MixinArgumentDecorator object at 0x780f8d3b7da0>, verb_extension=<colcon_core.verb.build.BuildVerb object at 0x780f8da6c0e0>, main=<bound method BuildVerb.main of <colcon_core.verb.build.BuildVerb object at 0x780f8da6c0e0>>, mixin_verb=('build',))
[0.615s] Level 1:colcon.colcon_core.package_discovery:discover_packages(colcon_meta) check parameters
[0.616s] Level 1:colcon.colcon_core.package_discovery:discover_packages(recursive) check parameters
[0.616s] Level 1:colcon.colcon_core.package_discovery:discover_packages(ignore) check parameters
[0.616s] Level 1:colcon.colcon_core.package_discovery:discover_packages(path) check parameters
[0.616s] Level 1:colcon.colcon_core.package_discovery:discover_packages(colcon_meta) discover
[0.616s] Level 1:colcon.colcon_core.package_discovery:discover_packages(recursive) discover
[0.616s] INFO:colcon.colcon_core.package_discovery:Crawling recursively for packages in '/home/sudil-minthaka/Documents/final-project-helaforge'
[0.617s] Level 1:colcon.colcon_core.package_identification:_identify(.) by extensions ['ignore', 'ignore_ament_install']
[0.617s] Level 1:colcon.colcon_core.package_identification:_identify(.) by extension 'ignore'
[0.617s] Level 1:colcon.colcon_core.package_identification:_identify(.) by extension 'ignore_ament_install'
[0.617s] Level 1:colcon.colcon_core.package_identification:_identify(.) by extensions ['colcon_pkg']
[0.617s] Level 1:colcon.colcon_core.package_identification:_identify(.) by extension 'colcon_pkg'
[0.617s] Level 1:colcon.colcon_core.package_identification:_identify(.) by extensions ['colcon_meta']
[0.617s] Level 1:colcon.colcon_core.package_identification:_identify(.) by extension 'colcon_meta'
[0.618s] Level 1:colcon.colcon_core.package_identification:_identify(.) by extensions ['ros']
[0.618s] Level 1:colcon.colcon_core.package_identification:_identify(.) by extension 'ros'
[0.667s] Level 1:colcon.colcon_core.package_identification:_identify(.) by extensions ['cmake', 'python']
[0.667s] Level 1:colcon.colcon_core.package_identification:_identify(.) by extension 'cmake'
[0.667s] Level 1:colcon.colcon_core.package_identification:_identify(.) by extension 'python'
[0.667s] Level 1:colcon.colcon_core.package_identification:_identify(.) by extensions ['python_setup_py']
[0.667s] Level 1:colcon.colcon_core.package_identification:_identify(.) by extension 'python_setup_py'
[0.667s] Level 1:colcon.colcon_core.package_identification:_identify(build) by extensions ['ignore', 'ignore_ament_install']
[0.667s] Level 1:colcon.colcon_core.package_identification:_identify(build) by extension 'ignore'
[0.668s] Level 1:colcon.colcon_core.package_identification:_identify(build) ignored
[0.668s] Level 1:colcon.colcon_core.package_identification:_identify(install) by extensions ['ignore', 'ignore_ament_install']
[0.668s] Level 1:colcon.colcon_core.package_identification:_identify(install) by extension 'ignore'
[0.668s] Level 1:colcon.colcon_core.package_identification:_identify(install) ignored
[0.668s] Level 1:colcon.colcon_core.package_identification:_identify(log) by extensions ['ignore', 'ignore_ament_install']
[0.668s] Level 1:colcon.colcon_core.package_identification:_identify(log) by extension 'ignore'
[0.668s] Level 1:colcon.colcon_core.package_identification:_identify(log) ignored
[0.668s] Level 1:colcon.colcon_core.package_identification:_identify(src) by extensions ['ignore', 'ignore_ament_install']
[0.669s] Level 1:colcon.colcon_core.package_identification:_identify(src) by extension 'ignore'
[0.669s] Level 1:colcon.colcon_core.package_identification:_identify(src) by extension 'ignore_ament_install'
[0.669s] Level 1:colcon.colcon_core.package_identification:_identify(src) by extensions ['colcon_pkg']
[0.669s] Level 1:colcon.colcon_core.package_identification:_identify(src) by extension 'colcon_pkg'
[0.669s] Level 1:colcon.colcon_core.package_identification:_identify(src) by extensions ['colcon_meta']
[0.669s] Level 1:colcon.colcon_core.package_identification:_identify(src) by extension 'colcon_meta'
[0.669s] Level 1:colcon.colcon_core.package_identification:_identify(src) by extensions ['ros']
[0.669s] Level 1:colcon.colcon_core.package_identification:_identify(src) by extension 'ros'
[0.669s] Level 1:colcon.colcon_core.package_identification:_identify(src) by extensions ['cmake', 'python']
[0.669s] Level 1:colcon.colcon_core.package_identification:_identify(src) by extension 'cmake'
[0.669s] Level 1:colcon.colcon_core.package_identification:_identify(src) by extension 'python'
[0.669s] Level 1:colcon.colcon_core.package_identification:_identify(src) by extensions ['python_setup_py']
[0.669s] Level 1:colcon.colcon_core.package_identification:_identify(src) by extension 'python_setup_py'
[0.669s] Level 1:colcon.colcon_core.package_identification:_identify(src/voice_control_logic) by extensions ['ignore', 'ignore_ament_install']
[0.670s] Level 1:colcon.colcon_core.package_identification:_identify(src/voice_control_logic) by extension 'ignore'
[0.670s] Level 1:colcon.colcon_core.package_identification:_identify(src/voice_control_logic) by extension 'ignore_ament_install'
[0.670s] Level 1:colcon.colcon_core.package_identification:_identify(src/voice_control_logic) by extensions ['colcon_pkg']
[0.670s] Level 1:colcon.colcon_core.package_identification:_identify(src/voice_control_logic) by extension 'colcon_pkg'
[0.670s] Level 1:colcon.colcon_core.package_identification:_identify(src/voice_control_logic) by extensions ['colcon_meta']
[0.670s] Level 1:colcon.colcon_core.package_identification:_identify(src/voice_control_logic) by extension 'colcon_meta'
[0.670s] Level 1:colcon.colcon_core.package_identification:_identify(src/voice_control_logic) by extensions ['ros']
[0.670s] Level 1:colcon.colcon_core.package_identification:_identify(src/voice_control_logic) by extension 'ros'
[0.675s] DEBUG:colcon.colcon_core.package_identification:Package 'src/voice_control_logic' with type 'ros.ament_python' and name 'voice_control_logic'
[0.676s] Level 1:colcon.colcon_core.package_discovery:discover_packages(recursive) using defaults
[0.676s] Level 1:colcon.colcon_core.package_discovery:discover_packages(ignore) discover
[0.676s] Level 1:colcon.colcon_core.package_discovery:discover_packages(ignore) using defaults
[0.676s] Level 1:colcon.colcon_core.package_discovery:discover_packages(path) discover
[0.676s] Level 1:colcon.colcon_core.package_discovery:discover_packages(path) using defaults
[0.786s] Level 1:colcon.colcon_core.package_discovery:discover_packages(prefix_path) check parameters
[0.787s] Level 1:colcon.colcon_core.package_discovery:discover_packages(prefix_path) discover
[0.816s] DEBUG:colcon.colcon_installed_package_information.package_discovery:Found 1 installed packages in /home/sudil-minthaka/kobuki_ws/install
[0.818s] DEBUG:colcon.colcon_installed_package_information.package_discovery:Found 2 installed packages in /home/sudil-minthaka/Documents/lab-02-SudilMin/CS3340-Workspace/install
[0.820s] DEBUG:colcon.colcon_installed_package_information.package_discovery:Found 4 installed packages in /home/sudil-minthaka/ros2_ws/install
[0.822s] DEBUG:colcon.colcon_installed_package_information.package_discovery:Found 1 installed packages in /home/sudil-minthaka/ros2_ws_actions/install
[0.823s] DEBUG:colcon.colcon_installed_package_information.package_discovery:Found 0 installed packages in /home/sudil-minthaka/Documents/final-project-helaforge/install
[0.832s] DEBUG:colcon.colcon_installed_package_information.package_discovery:Found 440 installed packages in /opt/ros/jazzy
[0.841s] Level 1:colcon.colcon_core.package_discovery:discover_packages(prefix_path) using defaults
[1.011s] Level 5:colcon.colcon_core.verb:set package 'voice_control_logic' build argument 'cmake_args' from command line to 'None'
[1.011s] Level 5:colcon.colcon_core.verb:set package 'voice_control_logic' build argument 'cmake_target' from command line to 'None'
[1.011s] Level 5:colcon.colcon_core.verb:set package 'voice_control_logic' build argument 'cmake_target_skip_unavailable' from command line to 'False'
[1.011s] Level 5:colcon.colcon_core.verb:set package 'voice_control_logic' build argument 'cmake_clean_cache' from command line to 'False'
[1.011s] Level 5:colcon.colcon_core.verb:set package 'voice_control_logic' build argument 'cmake_clean_first' from command line to 'False'
[1.011s] Level 5:colcon.colcon_core.verb:set package 'voice_control_logic' build argument 'cmake_force_configure' from command line to 'False'
[1.011s] Level 5:colcon.colcon_core.verb:set package 'voice_control_logic' build argument 'ament_cmake_args' from command line to 'None'
[1.011s] Level 5:colcon.colcon_core.verb:set package 'voice_control_logic' build argument 'catkin_cmake_args' from command line to 'None'
[1.011s] Level 5:colcon.colcon_core.verb:set package 'voice_control_logic' build argument 'catkin_skip_building_tests' from command line to 'False'
[1.011s] DEBUG:colcon.colcon_core.verb:Building package 'voice_control_logic' with the following arguments: {'ament_cmake_args': None, 'build_base': '/home/sudil-minthaka/Documents/final-project-helaforge/build/voice_control_logic', 'catkin_cmake_args': None, 'catkin_skip_building_tests': False, 'cmake_args': None, 'cmake_clean_cache': False, 'cmake_clean_first': False, 'cmake_force_configure': False, 'cmake_target': None, 'cmake_target_skip_unavailable': False, 'install_base': '/home/sudil-minthaka/Documents/final-project-helaforge/install/voice_control_logic', 'merge_install': False, 'path': '/home/sudil-minthaka/Documents/final-project-helaforge/src/voice_control_logic', 'symlink_install': False, 'test_result_base': None}
[1.011s] INFO:colcon.colcon_core.executor:Executing jobs using 'parallel' executor
[1.012s] DEBUG:colcon.colcon_parallel_executor.executor.parallel:run_until_complete
[1.012s] INFO:colcon.colcon_ros.task.ament_python.build:Building ROS package in '/home/sudil-minthaka/Documents/final-project-helaforge/src/voice_control_logic' with build type 'ament_python'
[1.013s] Level 1:colcon.colcon_core.shell:create_environment_hook('voice_control_logic', 'ament_prefix_path')
[1.026s] INFO:colcon.colcon_core.plugin_system:Skipping extension 'colcon_core.shell.bat': Not used on non-Windows systems
[1.028s] INFO:colcon.colcon_core.shell:Creating environment hook '/home/sudil-minthaka/Documents/final-project-helaforge/install/voice_control_logic/share/voice_control_logic/hook/ament_prefix_path.ps1'
[1.033s] INFO:colcon.colcon_core.shell:Creating environment descriptor '/home/sudil-minthaka/Documents/final-project-helaforge/install/voice_control_logic/share/voice_control_logic/hook/ament_prefix_path.dsv'
[1.036s] INFO:colcon.colcon_core.shell:Creating environment hook '/home/sudil-minthaka/Documents/final-project-helaforge/install/voice_control_logic/share/voice_control_logic/hook/ament_prefix_path.sh'
[1.040s] INFO:colcon.colcon_core.shell:Skip shell extension 'powershell' for command environment: Not usable outside of PowerShell
[1.040s] DEBUG:colcon.colcon_core.shell:Skip shell extension 'dsv' for command environment
[1.454s] INFO:colcon.colcon_core.task.python.build:Building Python package in '/home/sudil-minthaka/Documents/final-project-helaforge/src/voice_control_logic'
[1.454s] INFO:colcon.colcon_core.shell:Skip shell extension 'powershell' for command environment: Not usable outside of PowerShell
[1.454s] DEBUG:colcon.colcon_core.shell:Skip shell extension 'dsv' for command environment
[4.056s] DEBUG:colcon.colcon_core.event_handler.log_command:Invoking command in '/home/sudil-minthaka/Documents/final-project-helaforge/src/voice_control_logic': DEBUGINFOD_URLS=https://debuginfod.ubuntu.com PYTHONPATH=/home/sudil-minthaka/Documents/final-project-helaforge/build/voice_control_logic/prefix_override:/usr/lib/python3/dist-packages/colcon_core/task/python/colcon_distutils_commands:/home/sudil-minthaka/Documents/final-project-helaforge/install/voice_control_logic/lib/python3.12/site-packages:${PYTHONPATH} /usr/bin/python3 -W ignore:setup.py install is deprecated -W ignore:easy_install command is deprecated setup.py egg_info --egg-base ../../build/voice_control_logic build --build-base /home/sudil-minthaka/Documents/final-project-helaforge/build/voice_control_logic/build install --record /home/sudil-minthaka/Documents/final-project-helaforge/build/voice_control_logic/install.log --single-version-externally-managed install_data
[5.229s] DEBUG:colcon.colcon_core.event_handler.log_command:Invoked command in '/home/sudil-minthaka/Documents/final-project-helaforge/src/voice_control_logic' returned '0': DEBUGINFOD_URLS=https://debuginfod.ubuntu.com PYTHONPATH=/home/sudil-minthaka/Documents/final-project-helaforge/build/voice_control_logic/prefix_override:/usr/lib/python3/dist-packages/colcon_core/task/python/colcon_distutils_commands:/home/sudil-minthaka/Documents/final-project-helaforge/install/voice_control_logic/lib/python3.12/site-packages:${PYTHONPATH} /usr/bin/python3 -W ignore:setup.py install is deprecated -W ignore:easy_install command is deprecated setup.py egg_info --egg-base ../../build/voice_control_logic build --build-base /home/sudil-minthaka/Documents/final-project-helaforge/build/voice_control_logic/build install --record /home/sudil-minthaka/Documents/final-project-helaforge/build/voice_control_logic/install.log --single-version-externally-managed install_data
[5.241s] Level 1:colcon.colcon_core.environment:checking '/home/sudil-minthaka/Documents/final-project-helaforge/install/voice_control_logic' for CMake module files
[5.242s] Level 1:colcon.colcon_core.environment:checking '/home/sudil-minthaka/Documents/final-project-helaforge/install/voice_control_logic' for CMake config files
[5.243s] Level 1:colcon.colcon_core.environment:checking '/home/sudil-minthaka/Documents/final-project-helaforge/install/voice_control_logic/lib'
[5.243s] Level 1:colcon.colcon_core.environment:checking '/home/sudil-minthaka/Documents/final-project-helaforge/install/voice_control_logic/bin'
[5.243s] Level 1:colcon.colcon_core.environment:checking '/home/sudil-minthaka/Documents/final-project-helaforge/install/voice_control_logic/lib/pkgconfig/voice_control_logic.pc'
[5.244s] Level 1:colcon.colcon_core.environment:checking '/home/sudil-minthaka/Documents/final-project-helaforge/install/voice_control_logic/lib/python3.12/site-packages'
[5.244s] Level 1:colcon.colcon_core.shell:create_environment_hook('voice_control_logic', 'pythonpath')
[5.245s] INFO:colcon.colcon_core.shell:Creating environment hook '/home/sudil-minthaka/Documents/final-project-helaforge/install/voice_control_logic/share/voice_control_logic/hook/pythonpath.ps1'
[5.246s] INFO:colcon.colcon_core.shell:Creating environment descriptor '/home/sudil-minthaka/Documents/final-project-helaforge/install/voice_control_logic/share/voice_control_logic/hook/pythonpath.dsv'
[5.246s] INFO:colcon.colcon_core.shell:Creating environment hook '/home/sudil-minthaka/Documents/final-project-helaforge/install/voice_control_logic/share/voice_control_logic/hook/pythonpath.sh'
[5.248s] Level 1:colcon.colcon_core.environment:checking '/home/sudil-minthaka/Documents/final-project-helaforge/install/voice_control_logic/bin'
[5.248s] Level 1:colcon.colcon_core.environment:create_environment_scripts_only(voice_control_logic)
[5.249s] INFO:colcon.colcon_core.shell:Creating package script '/home/sudil-minthaka/Documents/final-project-helaforge/install/voice_control_logic/share/voice_control_logic/package.ps1'
[5.252s] INFO:colcon.colcon_core.shell:Creating package descriptor '/home/sudil-minthaka/Documents/final-project-helaforge/install/voice_control_logic/share/voice_control_logic/package.dsv'
[5.255s] INFO:colcon.colcon_core.shell:Creating package script '/home/sudil-minthaka/Documents/final-project-helaforge/install/voice_control_logic/share/voice_control_logic/package.sh'
[5.258s] INFO:colcon.colcon_core.shell:Creating package script '/home/sudil-minthaka/Documents/final-project-helaforge/install/voice_control_logic/share/voice_control_logic/package.bash'
[5.263s] INFO:colcon.colcon_core.shell:Creating package script '/home/sudil-minthaka/Documents/final-project-helaforge/install/voice_control_logic/share/voice_control_logic/package.zsh'
[5.265s] Level 1:colcon.colcon_core.environment:create_file_with_runtime_dependencies(/home/sudil-minthaka/Documents/final-project-helaforge/install/voice_control_logic/share/colcon-core/packages/voice_control_logic)
[5.267s] DEBUG:colcon.colcon_parallel_executor.executor.parallel:closing loop
[5.268s] DEBUG:colcon.colcon_parallel_executor.executor.parallel:loop closed
[5.268s] DEBUG:colcon.colcon_parallel_executor.executor.parallel:run_until_complete finished with '0'
[5.268s] DEBUG:colcon.colcon_core.event_reactor:joining thread
[5.310s] INFO:colcon.colcon_core.plugin_system:Skipping extension 'colcon_notification.desktop_notification.terminal_notifier': Not used on non-Darwin systems
[5.311s] INFO:colcon.colcon_core.plugin_system:Skipping extension 'colcon_notification.desktop_notification.win32': Not used on non-Windows systems
[5.311s] INFO:colcon.colcon_notification.desktop_notification:Sending desktop notification using 'notify2'
[5.415s] DEBUG:colcon.colcon_core.event_reactor:joined thread
[5.416s] INFO:colcon.colcon_core.shell:Creating prefix script '/home/sudil-minthaka/Documents/final-project-helaforge/install/local_setup.ps1'
[5.420s] INFO:colcon.colcon_core.shell:Creating prefix util module '/home/sudil-minthaka/Documents/final-project-helaforge/install/_local_setup_util_ps1.py'
[5.425s] INFO:colcon.colcon_core.shell:Creating prefix chain script '/home/sudil-minthaka/Documents/final-project-helaforge/install/setup.ps1'
[5.431s] INFO:colcon.colcon_core.shell:Creating prefix script '/home/sudil-minthaka/Documents/final-project-helaforge/install/local_setup.sh'
[5.435s] INFO:colcon.colcon_core.shell:Creating prefix util module '/home/sudil-minthaka/Documents/final-project-helaforge/install/_local_setup_util_sh.py'
[5.437s] INFO:colcon.colcon_core.shell:Creating prefix chain script '/home/sudil-minthaka/Documents/final-project-helaforge/install/setup.sh'
[5.443s] INFO:colcon.colcon_core.shell:Creating prefix script '/home/sudil-minthaka/Documents/final-project-helaforge/install/local_setup.bash'
[5.445s] INFO:colcon.colcon_core.shell:Creating prefix chain script '/home/sudil-minthaka/Documents/final-project-helaforge/install/setup.bash'
[5.455s] INFO:colcon.colcon_core.shell:Creating prefix script '/home/sudil-minthaka/Documents/final-project-helaforge/install/local_setup.zsh'
[5.460s] INFO:colcon.colcon_core.shell:Creating prefix chain script '/home/sudil-minthaka/Documents/final-project-helaforge/install/setup.zsh'
