running egg_info
creating ../../build/voice_control_logic/voice_control_logic.egg-info
writing ../../build/voice_control_logic/voice_control_logic.egg-info/PKG-INFO
writing dependency_links to ../../build/voice_control_logic/voice_control_logic.egg-info/dependency_links.txt
writing entry points to ../../build/voice_control_logic/voice_control_logic.egg-info/entry_points.txt
writing requirements to ../../build/voice_control_logic/voice_control_logic.egg-info/requires.txt
writing top-level names to ../../build/voice_control_logic/voice_control_logic.egg-info/top_level.txt
writing manifest file '../../build/voice_control_logic/voice_control_logic.egg-info/SOURCES.txt'
reading manifest file '../../build/voice_control_logic/voice_control_logic.egg-info/SOURCES.txt'
writing manifest file '../../build/voice_control_logic/voice_control_logic.egg-info/SOURCES.txt'
running build
running build_py
creating /home/sudil-minthaka/Documents/final-project-helaforge/build/voice_control_logic/build
creating /home/sudil-minthaka/Documents/final-project-helaforge/build/voice_control_logic/build/lib
creating /home/sudil-minthaka/Documents/final-project-helaforge/build/voice_control_logic/build/lib/voice_control_logic
copying voice_control_logic/__init__.py -> /home/sudil-minthaka/Documents/final-project-helaforge/build/voice_control_logic/build/lib/voice_control_logic
copying voice_control_logic/voice_interpreter.py -> /home/sudil-minthaka/Documents/final-project-helaforge/build/voice_control_logic/build/lib/voice_control_logic
running install
running install_lib
creating /home/sudil-minthaka/Documents/final-project-helaforge/install/voice_control_logic/lib/python3.12/site-packages/voice_control_logic
copying /home/sudil-minthaka/Documents/final-project-helaforge/build/voice_control_logic/build/lib/voice_control_logic/__init__.py -> /home/sudil-minthaka/Documents/final-project-helaforge/install/voice_control_logic/lib/python3.12/site-packages/voice_control_logic
copying /home/sudil-minthaka/Documents/final-project-helaforge/build/voice_control_logic/build/lib/voice_control_logic/voice_interpreter.py -> /home/sudil-minthaka/Documents/final-project-helaforge/install/voice_control_logic/lib/python3.12/site-packages/voice_control_logic
byte-compiling /home/sudil-minthaka/Documents/final-project-helaforge/install/voice_control_logic/lib/python3.12/site-packages/voice_control_logic/__init__.py to __init__.cpython-312.pyc
byte-compiling /home/sudil-minthaka/Documents/final-project-helaforge/install/voice_control_logic/lib/python3.12/site-packages/voice_control_logic/voice_interpreter.py to voice_interpreter.cpython-312.pyc
running install_data
creating /home/sudil-minthaka/Documents/final-project-helaforge/install/voice_control_logic/share/ament_index
creating /home/sudil-minthaka/Documents/final-project-helaforge/install/voice_control_logic/share/ament_index/resource_index
creating /home/sudil-minthaka/Documents/final-project-helaforge/install/voice_control_logic/share/ament_index/resource_index/packages
copying resource/voice_control_logic -> /home/sudil-minthaka/Documents/final-project-helaforge/install/voice_control_logic/share/ament_index/resource_index/packages
copying package.xml -> /home/sudil-minthaka/Documents/final-project-helaforge/install/voice_control_logic/share/voice_control_logic
running install_egg_info
Copying ../../build/voice_control_logic/voice_control_logic.egg-info to /home/sudil-minthaka/Documents/final-project-helaforge/install/voice_control_logic/lib/python3.12/site-packages/voice_control_logic-0.0.0-py3.12.egg-info
running install_scripts
Installing voice_interpreter script to /home/sudil-minthaka/Documents/final-project-helaforge/install/voice_control_logic/lib/voice_control_logic
writing list of installed files to '/home/sudil-minthaka/Documents/final-project-helaforge/build/voice_control_logic/install.log'
