[3.042s] Invoking command in '/home/sudil-minthaka/Documents/final-project-helaforge/src/voice_control_logic': DEBUGINFOD_URLS=https://debuginfod.ubuntu.com PYTHONPATH=/home/sudil-minthaka/Documents/final-project-helaforge/build/voice_control_logic/prefix_override:/usr/lib/python3/dist-packages/colcon_core/task/python/colcon_distutils_commands:/home/sudil-minthaka/Documents/final-project-helaforge/install/voice_control_logic/lib/python3.12/site-packages:${PYTHONPATH} /usr/bin/python3 -W ignore:setup.py install is deprecated -W ignore:easy_install command is deprecated setup.py egg_info --egg-base ../../build/voice_control_logic build --build-base /home/sudil-minthaka/Documents/final-project-helaforge/build/voice_control_logic/build install --record /home/sudil-minthaka/Documents/final-project-helaforge/build/voice_control_logic/install.log --single-version-externally-managed install_data
[3.700s] running egg_info
[3.701s] creating ../../build/voice_control_logic/voice_control_logic.egg-info
[3.740s] writing ../../build/voice_control_logic/voice_control_logic.egg-info/PKG-INFO
[3.740s] writing dependency_links to ../../build/voice_control_logic/voice_control_logic.egg-info/dependency_links.txt
[3.741s] writing entry points to ../../build/voice_control_logic/voice_control_logic.egg-info/entry_points.txt
[3.741s] writing requirements to ../../build/voice_control_logic/voice_control_logic.egg-info/requires.txt
[3.741s] writing top-level names to ../../build/voice_control_logic/voice_control_logic.egg-info/top_level.txt
[3.741s] writing manifest file '../../build/voice_control_logic/voice_control_logic.egg-info/SOURCES.txt'
[3.831s] reading manifest file '../../build/voice_control_logic/voice_control_logic.egg-info/SOURCES.txt'
[3.833s] writing manifest file '../../build/voice_control_logic/voice_control_logic.egg-info/SOURCES.txt'
[3.833s] running build
[3.834s] running build_py
[3.835s] creating /home/sudil-minthaka/Documents/final-project-helaforge/build/voice_control_logic/build
[3.835s] creating /home/sudil-minthaka/Documents/final-project-helaforge/build/voice_control_logic/build/lib
[3.835s] creating /home/sudil-minthaka/Documents/final-project-helaforge/build/voice_control_logic/build/lib/voice_control_logic
[3.836s] copying voice_control_logic/__init__.py -> /home/sudil-minthaka/Documents/final-project-helaforge/build/voice_control_logic/build/lib/voice_control_logic
[3.836s] copying voice_control_logic/voice_interpreter.py -> /home/sudil-minthaka/Documents/final-project-helaforge/build/voice_control_logic/build/lib/voice_control_logic
[3.836s] running install
[3.851s] running install_lib
[3.897s] creating /home/sudil-minthaka/Documents/final-project-helaforge/install/voice_control_logic/lib/python3.12/site-packages/voice_control_logic
[3.897s] copying /home/sudil-minthaka/Documents/final-project-helaforge/build/voice_control_logic/build/lib/voice_control_logic/__init__.py -> /home/sudil-minthaka/Documents/final-project-helaforge/install/voice_control_logic/lib/python3.12/site-packages/voice_control_logic
[3.898s] copying /home/sudil-minthaka/Documents/final-project-helaforge/build/voice_control_logic/build/lib/voice_control_logic/voice_interpreter.py -> /home/sudil-minthaka/Documents/final-project-helaforge/install/voice_control_logic/lib/python3.12/site-packages/voice_control_logic
[3.898s] byte-compiling /home/sudil-minthaka/Documents/final-project-helaforge/install/voice_control_logic/lib/python3.12/site-packages/voice_control_logic/__init__.py to __init__.cpython-312.pyc
[3.899s] byte-compiling /home/sudil-minthaka/Documents/final-project-helaforge/install/voice_control_logic/lib/python3.12/site-packages/voice_control_logic/voice_interpreter.py to voice_interpreter.cpython-312.pyc
[3.901s] running install_data
[3.902s] creating /home/sudil-minthaka/Documents/final-project-helaforge/install/voice_control_logic/share/ament_index
[3.903s] creating /home/sudil-minthaka/Documents/final-project-helaforge/install/voice_control_logic/share/ament_index/resource_index
[3.903s] creating /home/sudil-minthaka/Documents/final-project-helaforge/install/voice_control_logic/share/ament_index/resource_index/packages
[3.903s] copying resource/voice_control_logic -> /home/sudil-minthaka/Documents/final-project-helaforge/install/voice_control_logic/share/ament_index/resource_index/packages
[3.903s] copying package.xml -> /home/sudil-minthaka/Documents/final-project-helaforge/install/voice_control_logic/share/voice_control_logic
[3.903s] running install_egg_info
[4.008s] Copying ../../build/voice_control_logic/voice_control_logic.egg-info to /home/sudil-minthaka/Documents/final-project-helaforge/install/voice_control_logic/lib/python3.12/site-packages/voice_control_logic-0.0.0-py3.12.egg-info
[4.011s] running install_scripts
[4.184s] Installing voice_interpreter script to /home/sudil-minthaka/Documents/final-project-helaforge/install/voice_control_logic/lib/voice_control_logic
[4.185s] writing list of installed files to '/home/sudil-minthaka/Documents/final-project-helaforge/build/voice_control_logic/install.log'
[4.216s] Invoked command in '/home/sudil-minthaka/Documents/final-project-helaforge/src/voice_control_logic' returned '0': DEBUGINFOD_URLS=https://debuginfod.ubuntu.com PYTHONPATH=/home/sudil-minthaka/Documents/final-project-helaforge/build/voice_control_logic/prefix_override:/usr/lib/python3/dist-packages/colcon_core/task/python/colcon_distutils_commands:/home/sudil-minthaka/Documents/final-project-helaforge/install/voice_control_logic/lib/python3.12/site-packages:${PYTHONPATH} /usr/bin/python3 -W ignore:setup.py install is deprecated -W ignore:easy_install command is deprecated setup.py egg_info --egg-base ../../build/voice_control_logic build --build-base /home/sudil-minthaka/Documents/final-project-helaforge/build/voice_control_logic/build install --record /home/sudil-minthaka/Documents/final-project-helaforge/build/voice_control_logic/install.log --single-version-externally-managed install_data
