[0.500s] Invoking command in '/media/nimsika/New Volume/semester-04/robotic-and-automation/final-project/final-project-helaforge/src/voice_control_logic': DEBUGINFOD_URLS=https://debuginfod.ubuntu.com PYTHONPATH=/media/nimsika/New Volume/semester-04/robotic-and-automation/final-project/final-project-helaforge/build/voice_control_logic/prefix_override:/usr/lib/python3/dist-packages/colcon_core/task/python/colcon_distutils_commands:/media/nimsika/New Volume/semester-04/robotic-and-automation/final-project/final-project-helaforge/install/voice_control_logic/lib/python3.12/site-packages:${PYTHONPATH} /usr/bin/python3 -W ignore:setup.py install is deprecated -W ignore:easy_install command is deprecated setup.py egg_info --egg-base ../../build/voice_control_logic build --build-base /media/nimsika/New Volume/semester-04/robotic-and-automation/final-project/final-project-helaforge/build/voice_control_logic/build install --record /media/nimsika/New Volume/semester-04/robotic-and-automation/final-project/final-project-helaforge/build/voice_control_logic/install.log --single-version-externally-managed install_data
[0.665s] running egg_info
[0.677s] writing ../../build/voice_control_logic/voice_control_logic.egg-info/PKG-INFO
[0.677s] writing dependency_links to ../../build/voice_control_logic/voice_control_logic.egg-info/dependency_links.txt
[0.678s] writing entry points to ../../build/voice_control_logic/voice_control_logic.egg-info/entry_points.txt
[0.678s] writing requirements to ../../build/voice_control_logic/voice_control_logic.egg-info/requires.txt
[0.678s] writing top-level names to ../../build/voice_control_logic/voice_control_logic.egg-info/top_level.txt
[0.702s] reading manifest file '../../build/voice_control_logic/voice_control_logic.egg-info/SOURCES.txt'
[0.702s] writing manifest file '../../build/voice_control_logic/voice_control_logic.egg-info/SOURCES.txt'
[0.702s] running build
[0.703s] running build_py
[0.703s] running install
[0.707s] running install_lib
[0.719s] running install_data
[0.719s] running install_egg_info
[0.732s] removing '/media/nimsika/New Volume/semester-04/robotic-and-automation/final-project/final-project-helaforge/install/voice_control_logic/lib/python3.12/site-packages/voice_control_logic-0.0.0-py3.12.egg-info' (and everything under it)
[0.732s] Copying ../../build/voice_control_logic/voice_control_logic.egg-info to /media/nimsika/New Volume/semester-04/robotic-and-automation/final-project/final-project-helaforge/install/voice_control_logic/lib/python3.12/site-packages/voice_control_logic-0.0.0-py3.12.egg-info
[0.733s] running install_scripts
[0.814s] Installing voice_interpreter script to /media/nimsika/New Volume/semester-04/robotic-and-automation/final-project/final-project-helaforge/install/voice_control_logic/lib/voice_control_logic
[0.814s] writing list of installed files to '/media/nimsika/New Volume/semester-04/robotic-and-automation/final-project/final-project-helaforge/build/voice_control_logic/install.log'
[0.833s] Invoked command in '/media/nimsika/New Volume/semester-04/robotic-and-automation/final-project/final-project-helaforge/src/voice_control_logic' returned '0': DEBUGINFOD_URLS=https://debuginfod.ubuntu.com PYTHONPATH=/media/nimsika/New Volume/semester-04/robotic-and-automation/final-project/final-project-helaforge/build/voice_control_logic/prefix_override:/usr/lib/python3/dist-packages/colcon_core/task/python/colcon_distutils_commands:/media/nimsika/New Volume/semester-04/robotic-and-automation/final-project/final-project-helaforge/install/voice_control_logic/lib/python3.12/site-packages:${PYTHONPATH} /usr/bin/python3 -W ignore:setup.py install is deprecated -W ignore:easy_install command is deprecated setup.py egg_info --egg-base ../../build/voice_control_logic build --build-base /media/nimsika/New Volume/semester-04/robotic-and-automation/final-project/final-project-helaforge/build/voice_control_logic/build install --record /media/nimsika/New Volume/semester-04/robotic-and-automation/final-project/final-project-helaforge/build/voice_control_logic/install.log --single-version-externally-managed install_data
